<?xml version="1.0" encoding="UTF-8"?>
<testng-results ignored="0" total="1" passed="1" failed="0" skipped="0">
  <reporter-output>
  </reporter-output>
  <suite started-at="2021-05-05T10:20:20 IST" name="Suite" finished-at="2021-05-05T10:20:52 IST" duration-ms="32056">
    <groups>
    </groups>
    <test started-at="2021-05-05T10:20:20 IST" name="FunctionalTest" finished-at="2021-05-05T10:20:52 IST" duration-ms="32056">
      <class name="com.qa.testscript.TC_Flipkart_01">
        <test-method is-config="true" signature="SetUp(java.lang.String,java.lang.String)[pri:0, instance:com.qa.testscript.TC_Flipkart_01@31e5415e]" started-at="2021-05-05T10:20:20 IST" name="SetUp" finished-at="2021-05-05T10:20:37 IST" duration-ms="16792" status="PASS">
          <params>
            <param index="0">
              <value>
                <![CDATA[chrome]]>
              </value>
            </param>
            <param index="1">
              <value>
                <![CDATA[https://www.flipkart.com/]]>
              </value>
            </param>
          </params>
          <reporter-output>
          </reporter-output>
        </test-method> <!-- SetUp -->
        <test-method signature="FlipkartShopping()[pri:0, instance:com.qa.testscript.TC_Flipkart_01@31e5415e]" started-at="2021-05-05T10:20:37 IST" name="FlipkartShopping" finished-at="2021-05-05T10:20:52 IST" duration-ms="14655" status="PASS">
          <reporter-output>
          </reporter-output>
        </test-method> <!-- FlipkartShopping -->
      </class> <!-- com.qa.testscript.TC_Flipkart_01 -->
    </test> <!-- FunctionalTest -->
  </suite> <!-- Suite -->
</testng-results>
